<?xml version="1.0" encoding="UTF-8"?>
<!-- Generated by org.testng.reporters.JUnitXMLReporter -->
<testsuite ignored="0" hostname="Daniels-Air.home" failures="0" tests="2" name="Chrome Regression" time="5.746" errors="0" timestamp="2023-07-19T16:05:49 CDT">
  <testcase classname="com.herokuapp.test.multiplewindows.MultipleWindowsTest" name="multipleWindowTests" time="0.094"/>
  <testcase classname="com.herokuapp.test.javascriptalerts.JavaScriptAlertsTest" name="javaScriptAlertTest" time="0.099"/>
</testsuite> <!-- Chrome Regression -->
